This file contains any messages produced by compilers while
running configure, to aid debugging if configure makes a mistake.

It was created by eds-to-idevice configure 0.1.0, nospam@nowhere.com, which was
generated by GNU Autoconf 2.69.  Invocation command line was

  $ ./configure 

## --------- ##
## Platform. ##
## --------- ##

hostname = localhost.localdomain
uname -m = i686
uname -r = 3.9.9-301.fc19.i686.PAE
uname -s = Linux
uname -v = #1 SMP Thu Jul 4 15:25:09 UTC 2013

/usr/bin/uname -p = i686
/bin/uname -X     = unknown

/bin/arch              = i686
/usr/bin/arch -k       = unknown
/usr/convex/getsysinfo = unknown
/usr/bin/hostinfo      = unknown
/bin/machine           = unknown
/usr/bin/oslevel       = unknown
/bin/universe          = unknown

PATH: /usr/lib/ccache
PATH: /usr/local/bin
PATH: /usr/bin
PATH: /bin
PATH: /usr/local/sbin
PATH: /usr/sbin
PATH: /home/tim/bin


## ----------- ##
## Core tests. ##
## ----------- ##

configure:2206: checking for a BSD-compatible install
configure:2274: result: /usr/bin/install -c
configure:2285: checking whether build environment is sane
configure:2340: result: yes
configure:2491: checking for a thread-safe mkdir -p
configure:2530: result: /usr/bin/mkdir -p
configure:2537: checking for gawk
configure:2553: found /usr/bin/gawk
configure:2564: result: gawk
configure:2575: checking whether make sets $(MAKE)
configure:2597: result: yes
configure:2626: checking whether make supports nested variables
configure:2643: result: yes
configure:2738: checking whether make supports nested variables
configure:2755: result: yes
configure:2815: checking for gcc
configure:2831: found /usr/lib/ccache/gcc
configure:2842: result: gcc
configure:3071: checking for C compiler version
configure:3080: gcc --version >&5
gcc (GCC) 4.8.1 20130603 (Red Hat 4.8.1-1)
Copyright (C) 2013 Free Software Foundation, Inc.
This is free software; see the source for copying conditions.  There is NO
warranty; not even for MERCHANTABILITY or FITNESS FOR A PARTICULAR PURPOSE.

configure:3091: $? = 0
configure:3080: gcc -v >&5
Using built-in specs.
COLLECT_GCC=/usr/bin/gcc
COLLECT_LTO_WRAPPER=/usr/libexec/gcc/i686-redhat-linux/4.8.1/lto-wrapper
Target: i686-redhat-linux
Configured with: ../configure --prefix=/usr --mandir=/usr/share/man --infodir=/usr/share/info --with-bugurl=http://bugzilla.redhat.com/bugzilla --enable-bootstrap --enable-shared --enable-threads=posix --enable-checking=release --with-system-zlib --enable-__cxa_atexit --disable-libunwind-exceptions --enable-gnu-unique-object --enable-linker-build-id --with-linker-hash-style=gnu --enable-languages=c,c++,objc,obj-c++,java,fortran,ada,go,lto --enable-plugin --enable-initfini-array --enable-java-awt=gtk --disable-dssi --with-java-home=/usr/lib/jvm/java-1.5.0-gcj-1.5.0.0/jre --enable-libgcj-multifile --enable-java-maintainer-mode --with-ecj-jar=/usr/share/java/eclipse-ecj.jar --disable-libjava-multilib --with-isl=/builddir/build/BUILD/gcc-4.8.1-20130603/obj-i686-redhat-linux/isl-install --with-cloog=/builddir/build/BUILD/gcc-4.8.1-20130603/obj-i686-redhat-linux/cloog-install --with-tune=generic --with-arch=i686 --build=i686-redhat-linux
Thread model: posix
gcc version 4.8.1 20130603 (Red Hat 4.8.1-1) (GCC) 
configure:3091: $? = 0
configure:3080: gcc -V >&5
gcc: error: unrecognized command line option '-V'
gcc: fatal error: no input files
compilation terminated.
configure:3091: $? = 4
configure:3080: gcc -qversion >&5
gcc: error: unrecognized command line option '-qversion'
gcc: fatal error: no input files
compilation terminated.
configure:3091: $? = 4
configure:3111: checking whether the C compiler works
configure:3133: gcc    conftest.c  >&5
configure:3137: $? = 0
configure:3185: result: yes
configure:3188: checking for C compiler default output file name
configure:3190: result: a.out
configure:3196: checking for suffix of executables
configure:3203: gcc -o conftest    conftest.c  >&5
configure:3207: $? = 0
configure:3229: result: 
configure:3251: checking whether we are cross compiling
configure:3259: gcc -o conftest    conftest.c  >&5
configure:3263: $? = 0
configure:3270: ./conftest
configure:3274: $? = 0
configure:3289: result: no
configure:3294: checking for suffix of object files
configure:3316: gcc -c   conftest.c >&5
configure:3320: $? = 0
configure:3341: result: o
configure:3345: checking whether we are using the GNU C compiler
configure:3364: gcc -c   conftest.c >&5
configure:3364: $? = 0
configure:3373: result: yes
configure:3382: checking whether gcc accepts -g
configure:3402: gcc -c -g  conftest.c >&5
configure:3402: $? = 0
configure:3443: result: yes
configure:3460: checking for gcc option to accept ISO C89
configure:3523: gcc  -c -g -O2  conftest.c >&5
configure:3523: $? = 0
configure:3536: result: none needed
configure:3567: checking for style of include used by make
configure:3595: result: GNU
configure:3621: checking dependency style of gcc
configure:3732: result: gcc3
configure:3753: checking how to run the C preprocessor
configure:3784: gcc -E  conftest.c
configure:3784: $? = 0
configure:3798: gcc -E  conftest.c
conftest.c:11:28: fatal error: ac_nonexistent.h: No such file or directory
 #include <ac_nonexistent.h>
                            ^
compilation terminated.
configure:3798: $? = 1
configure: failed program was:
| /* confdefs.h */
| #define PACKAGE_NAME "eds-to-idevice"
| #define PACKAGE_TARNAME "eds-to-idevice"
| #define PACKAGE_VERSION "0.1.0, nospam@nowhere.com"
| #define PACKAGE_STRING "eds-to-idevice 0.1.0, nospam@nowhere.com"
| #define PACKAGE_BUGREPORT ""
| #define PACKAGE_URL ""
| #define PACKAGE "eds-to-idevice"
| #define VERSION "0.1.0, nospam@nowhere.com"
| /* end confdefs.h.  */
| #include <ac_nonexistent.h>
configure:3823: result: gcc -E
configure:3843: gcc -E  conftest.c
configure:3843: $? = 0
configure:3857: gcc -E  conftest.c
conftest.c:11:28: fatal error: ac_nonexistent.h: No such file or directory
 #include <ac_nonexistent.h>
                            ^
compilation terminated.
configure:3857: $? = 1
configure: failed program was:
| /* confdefs.h */
| #define PACKAGE_NAME "eds-to-idevice"
| #define PACKAGE_TARNAME "eds-to-idevice"
| #define PACKAGE_VERSION "0.1.0, nospam@nowhere.com"
| #define PACKAGE_STRING "eds-to-idevice 0.1.0, nospam@nowhere.com"
| #define PACKAGE_BUGREPORT ""
| #define PACKAGE_URL ""
| #define PACKAGE "eds-to-idevice"
| #define VERSION "0.1.0, nospam@nowhere.com"
| /* end confdefs.h.  */
| #include <ac_nonexistent.h>
configure:3886: checking for grep that handles long lines and -e
configure:3944: result: /usr/bin/grep
configure:3949: checking for egrep
configure:4011: result: /usr/bin/grep -E
configure:4016: checking for ANSI C header files
configure:4036: gcc -c -g -O2  conftest.c >&5
configure:4036: $? = 0
configure:4109: gcc -o conftest -g -O2   conftest.c  >&5
configure:4109: $? = 0
configure:4109: ./conftest
configure:4109: $? = 0
configure:4120: result: yes
configure:4129: checking whether ln -s works
configure:4133: result: yes
configure:4169: checking build system type
configure:4183: result: i686-pc-linux-gnu
configure:4203: checking host system type
configure:4216: result: i686-pc-linux-gnu
configure:4257: checking how to print strings
configure:4284: result: printf
configure:4305: checking for a sed that does not truncate output
configure:4369: result: /usr/bin/sed
configure:4387: checking for fgrep
configure:4449: result: /usr/bin/grep -F
configure:4484: checking for ld used by gcc
configure:4551: result: /usr/bin/ld
configure:4558: checking if the linker (/usr/bin/ld) is GNU ld
configure:4573: result: yes
configure:4585: checking for BSD- or MS-compatible name lister (nm)
configure:4634: result: /usr/bin/nm -B
configure:4764: checking the name lister (/usr/bin/nm -B) interface
configure:4771: gcc -c -g -O2  conftest.c >&5
configure:4774: /usr/bin/nm -B "conftest.o"
configure:4777: output
00000000 B some_variable
configure:4784: result: BSD nm
configure:4788: checking the maximum length of command line arguments
configure:4918: result: 1572864
configure:4935: checking whether the shell understands some XSI constructs
configure:4945: result: yes
configure:4949: checking whether the shell understands "+="
configure:4955: result: yes
configure:4990: checking how to convert i686-pc-linux-gnu file names to i686-pc-linux-gnu format
configure:5030: result: func_convert_file_noop
configure:5037: checking how to convert i686-pc-linux-gnu file names to toolchain format
configure:5057: result: func_convert_file_noop
configure:5064: checking for /usr/bin/ld option to reload object files
configure:5071: result: -r
configure:5145: checking for objdump
configure:5161: found /usr/bin/objdump
configure:5172: result: objdump
configure:5204: checking how to recognize dependent libraries
configure:5406: result: pass_all
configure:5491: checking for dlltool
configure:5521: result: no
configure:5551: checking how to associate runtime and link libraries
configure:5578: result: printf %s\n
configure:5638: checking for ar
configure:5654: found /usr/bin/ar
configure:5665: result: ar
configure:5702: checking for archiver @FILE support
configure:5719: gcc -c -g -O2  conftest.c >&5
configure:5719: $? = 0
configure:5722: ar cru libconftest.a @conftest.lst >&5
configure:5725: $? = 0
configure:5730: ar cru libconftest.a @conftest.lst >&5
ar: conftest.o: No such file or directory
configure:5733: $? = 1
configure:5745: result: @
configure:5803: checking for strip
configure:5819: found /usr/bin/strip
configure:5830: result: strip
configure:5902: checking for ranlib
configure:5918: found /usr/bin/ranlib
configure:5929: result: ranlib
configure:6031: checking command to parse /usr/bin/nm -B output from gcc object
configure:6151: gcc -c -g -O2  conftest.c >&5
configure:6154: $? = 0
configure:6158: /usr/bin/nm -B conftest.o \| sed -n -e 's/^.*[ ]\([ABCDGIRSTW][ABCDGIRSTW]*\)[ ][ ]*\([_A-Za-z][_A-Za-z0-9]*\)$/\1 \2 \2/p' | sed '/ __gnu_lto/d' \> conftest.nm
configure:6161: $? = 0
configure:6227: gcc -o conftest -g -O2   conftest.c conftstm.o >&5
configure:6230: $? = 0
configure:6268: result: ok
configure:6305: checking for sysroot
configure:6335: result: no
configure:6591: checking for mt
configure:6621: result: no
configure:6641: checking if : is a manifest tool
configure:6647: : '-?'
configure:6655: result: no
configure:7297: checking for sys/types.h
configure:7297: gcc -c -g -O2  conftest.c >&5
configure:7297: $? = 0
configure:7297: result: yes
configure:7297: checking for sys/stat.h
configure:7297: gcc -c -g -O2  conftest.c >&5
configure:7297: $? = 0
configure:7297: result: yes
configure:7297: checking for stdlib.h
configure:7297: gcc -c -g -O2  conftest.c >&5
configure:7297: $? = 0
configure:7297: result: yes
configure:7297: checking for string.h
configure:7297: gcc -c -g -O2  conftest.c >&5
configure:7297: $? = 0
configure:7297: result: yes
configure:7297: checking for memory.h
configure:7297: gcc -c -g -O2  conftest.c >&5
configure:7297: $? = 0
configure:7297: result: yes
configure:7297: checking for strings.h
configure:7297: gcc -c -g -O2  conftest.c >&5
configure:7297: $? = 0
configure:7297: result: yes
configure:7297: checking for inttypes.h
configure:7297: gcc -c -g -O2  conftest.c >&5
configure:7297: $? = 0
configure:7297: result: yes
configure:7297: checking for stdint.h
configure:7297: gcc -c -g -O2  conftest.c >&5
configure:7297: $? = 0
configure:7297: result: yes
configure:7297: checking for unistd.h
configure:7297: gcc -c -g -O2  conftest.c >&5
configure:7297: $? = 0
configure:7297: result: yes
configure:7311: checking for dlfcn.h
configure:7311: gcc -c -g -O2  conftest.c >&5
configure:7311: $? = 0
configure:7311: result: yes
configure:7517: checking for objdir
configure:7532: result: .libs
configure:7803: checking if gcc supports -fno-rtti -fno-exceptions
configure:7821: gcc -c -g -O2  -fno-rtti -fno-exceptions conftest.c >&5
cc1: warning: command line option '-fno-rtti' is valid for C++/ObjC++ but not for C [enabled by default]
cc1: warning: command line option '-fno-rtti' is valid for C++/ObjC++ but not for C [enabled by default]
configure:7825: $? = 0
configure:7838: result: no
configure:8165: checking for gcc option to produce PIC
configure:8172: result: -fPIC -DPIC
configure:8180: checking if gcc PIC flag -fPIC -DPIC works
configure:8198: gcc -c -g -O2  -fPIC -DPIC -DPIC conftest.c >&5
configure:8202: $? = 0
configure:8215: result: yes
configure:8244: checking if gcc static flag -static works
configure:8272: result: no
configure:8287: checking if gcc supports -c -o file.o
configure:8308: gcc -c -g -O2  -o out/conftest2.o conftest.c >&5
configure:8312: $? = 0
configure:8334: result: yes
configure:8342: checking if gcc supports -c -o file.o
configure:8389: result: yes
configure:8422: checking whether the gcc linker (/usr/bin/ld) supports shared libraries
configure:9575: result: yes
configure:9612: checking whether -lc should be explicitly linked in
configure:9620: gcc -c -g -O2  conftest.c >&5
configure:9623: $? = 0
configure:9638: gcc -shared  -fPIC -DPIC conftest.o  -v -Wl,-soname -Wl,conftest -o conftest 2\>\&1 \| /usr/bin/grep  -lc  \>/dev/null 2\>\&1
configure:9641: $? = 0
configure:9655: result: no
configure:9815: checking dynamic linker characteristics
configure:10326: gcc -o conftest -g -O2   -Wl,-rpath -Wl,/foo conftest.c  >&5
configure:10326: $? = 0
configure:10552: result: GNU/Linux ld.so
configure:10659: checking how to hardcode library paths into programs
configure:10684: result: immediate
configure:11224: checking whether stripping libraries is possible
configure:11229: result: yes
configure:11264: checking if libtool supports shared libraries
configure:11266: result: yes
configure:11269: checking whether to build shared libraries
configure:11290: result: yes
configure:11293: checking whether to build static libraries
configure:11297: result: yes
configure:11388: checking for pkg-config
configure:11406: found /usr/bin/pkg-config
configure:11418: result: /usr/bin/pkg-config
configure:11443: checking pkg-config is at least version 0.9.0
configure:11446: result: yes
configure:11471: checking for more warnings
configure:11548: result: no
configure:11554: checking for LIBIMOBILEDEVICE
configure:11561: $PKG_CONFIG --exists --print-errors "libimobiledevice-1.0 >= 1.1"
configure:11564: $? = 0
configure:11578: $PKG_CONFIG --exists --print-errors "libimobiledevice-1.0 >= 1.1"
configure:11581: $? = 0
configure:11639: result: yes
configure:11645: checking for LIBPLIST
configure:11652: $PKG_CONFIG --exists --print-errors "libplist"
configure:11655: $? = 0
configure:11669: $PKG_CONFIG --exists --print-errors "libplist"
configure:11672: $? = 0
configure:11730: result: yes
configure:11736: checking for GLIB2
configure:11743: $PKG_CONFIG --exists --print-errors "glib-2.0 >= 2.26"
configure:11746: $? = 0
configure:11760: $PKG_CONFIG --exists --print-errors "glib-2.0 >= 2.26"
configure:11763: $? = 0
configure:11821: result: yes
configure:11827: checking for EDS
configure:11834: $PKG_CONFIG --exists --print-errors "libebook-1.2"
configure:11837: $? = 0
configure:11851: $PKG_CONFIG --exists --print-errors "libebook-1.2"
configure:11854: $? = 0
configure:11912: result: yes
configure:12028: checking that generated files are newer than configure
configure:12034: result: done
configure:12057: creating ./config.status

## ---------------------- ##
## Running config.status. ##
## ---------------------- ##

This file was extended by eds-to-idevice config.status 0.1.0, nospam@nowhere.com, which was
generated by GNU Autoconf 2.69.  Invocation command line was

  CONFIG_FILES    = 
  CONFIG_HEADERS  = 
  CONFIG_LINKS    = 
  CONFIG_COMMANDS = 
  $ ./config.status 

on localhost.localdomain

config.status:1096: creating Makefile
config.status:1096: creating config.h
config.status:1277: config.h is unchanged
config.status:1325: executing depfiles commands
config.status:1325: executing libtool commands

## ---------------- ##
## Cache variables. ##
## ---------------- ##

ac_cv_build=i686-pc-linux-gnu
ac_cv_c_compiler_gnu=yes
ac_cv_env_CC_set=
ac_cv_env_CC_value=
ac_cv_env_CFLAGS_set=
ac_cv_env_CFLAGS_value=
ac_cv_env_CPPFLAGS_set=
ac_cv_env_CPPFLAGS_value=
ac_cv_env_CPP_set=
ac_cv_env_CPP_value=
ac_cv_env_EDS_CFLAGS_set=
ac_cv_env_EDS_CFLAGS_value=
ac_cv_env_EDS_LIBS_set=
ac_cv_env_EDS_LIBS_value=
ac_cv_env_GLIB2_CFLAGS_set=
ac_cv_env_GLIB2_CFLAGS_value=
ac_cv_env_GLIB2_LIBS_set=
ac_cv_env_GLIB2_LIBS_value=
ac_cv_env_LDFLAGS_set=
ac_cv_env_LDFLAGS_value=
ac_cv_env_LIBIMOBILEDEVICE_CFLAGS_set=
ac_cv_env_LIBIMOBILEDEVICE_CFLAGS_value=
ac_cv_env_LIBIMOBILEDEVICE_LIBS_set=
ac_cv_env_LIBIMOBILEDEVICE_LIBS_value=
ac_cv_env_LIBPLIST_CFLAGS_set=
ac_cv_env_LIBPLIST_CFLAGS_value=
ac_cv_env_LIBPLIST_LIBS_set=
ac_cv_env_LIBPLIST_LIBS_value=
ac_cv_env_LIBS_set=
ac_cv_env_LIBS_value=
ac_cv_env_PKG_CONFIG_LIBDIR_set=
ac_cv_env_PKG_CONFIG_LIBDIR_value=
ac_cv_env_PKG_CONFIG_PATH_set=
ac_cv_env_PKG_CONFIG_PATH_value=
ac_cv_env_PKG_CONFIG_set=
ac_cv_env_PKG_CONFIG_value=
ac_cv_env_build_alias_set=
ac_cv_env_build_alias_value=
ac_cv_env_host_alias_set=
ac_cv_env_host_alias_value=
ac_cv_env_target_alias_set=
ac_cv_env_target_alias_value=
ac_cv_header_dlfcn_h=yes
ac_cv_header_inttypes_h=yes
ac_cv_header_memory_h=yes
ac_cv_header_stdc=yes
ac_cv_header_stdint_h=yes
ac_cv_header_stdlib_h=yes
ac_cv_header_string_h=yes
ac_cv_header_strings_h=yes
ac_cv_header_sys_stat_h=yes
ac_cv_header_sys_types_h=yes
ac_cv_header_unistd_h=yes
ac_cv_host=i686-pc-linux-gnu
ac_cv_objext=o
ac_cv_path_EGREP='/usr/bin/grep -E'
ac_cv_path_FGREP='/usr/bin/grep -F'
ac_cv_path_GREP=/usr/bin/grep
ac_cv_path_SED=/usr/bin/sed
ac_cv_path_ac_pt_PKG_CONFIG=/usr/bin/pkg-config
ac_cv_path_install='/usr/bin/install -c'
ac_cv_path_mkdir=/usr/bin/mkdir
ac_cv_prog_AWK=gawk
ac_cv_prog_CPP='gcc -E'
ac_cv_prog_ac_ct_AR=ar
ac_cv_prog_ac_ct_CC=gcc
ac_cv_prog_ac_ct_OBJDUMP=objdump
ac_cv_prog_ac_ct_RANLIB=ranlib
ac_cv_prog_ac_ct_STRIP=strip
ac_cv_prog_cc_c89=
ac_cv_prog_cc_g=yes
ac_cv_prog_make_make_set=yes
am_cv_CC_dependencies_compiler_type=gcc3
am_cv_make_support_nested_variables=yes
lt_cv_ar_at_file=@
lt_cv_archive_cmds_need_lc=no
lt_cv_deplibs_check_method=pass_all
lt_cv_file_magic_cmd='$MAGIC_CMD'
lt_cv_file_magic_test_file=
lt_cv_ld_reload_flag=-r
lt_cv_nm_interface='BSD nm'
lt_cv_objdir=.libs
lt_cv_path_LD=/usr/bin/ld
lt_cv_path_NM='/usr/bin/nm -B'
lt_cv_path_mainfest_tool=no
lt_cv_prog_compiler_c_o=yes
lt_cv_prog_compiler_pic='-fPIC -DPIC'
lt_cv_prog_compiler_pic_works=yes
lt_cv_prog_compiler_rtti_exceptions=no
lt_cv_prog_compiler_static_works=no
lt_cv_prog_gnu_ld=yes
lt_cv_sharedlib_from_linklib_cmd='printf %s\n'
lt_cv_shlibpath_overrides_runpath=no
lt_cv_sys_global_symbol_pipe='sed -n -e '\''s/^.*[	 ]\([ABCDGIRSTW][ABCDGIRSTW]*\)[	 ][	 ]*\([_A-Za-z][_A-Za-z0-9]*\)$/\1 \2 \2/p'\'' | sed '\''/ __gnu_lto/d'\'''
lt_cv_sys_global_symbol_to_c_name_address='sed -n -e '\''s/^: \([^ ]*\)[ ]*$/  {\"\1\", (void *) 0},/p'\'' -e '\''s/^[ABCDGIRSTW]* \([^ ]*\) \([^ ]*\)$/  {"\2", (void *) \&\2},/p'\'''
lt_cv_sys_global_symbol_to_c_name_address_lib_prefix='sed -n -e '\''s/^: \([^ ]*\)[ ]*$/  {\"\1\", (void *) 0},/p'\'' -e '\''s/^[ABCDGIRSTW]* \([^ ]*\) \(lib[^ ]*\)$/  {"\2", (void *) \&\2},/p'\'' -e '\''s/^[ABCDGIRSTW]* \([^ ]*\) \([^ ]*\)$/  {"lib\2", (void *) \&\2},/p'\'''
lt_cv_sys_global_symbol_to_cdecl='sed -n -e '\''s/^T .* \(.*\)$/extern int \1();/p'\'' -e '\''s/^[ABCDGIRSTW]* .* \(.*\)$/extern char \1;/p'\'''
lt_cv_sys_max_cmd_len=1572864
lt_cv_to_host_file_cmd=func_convert_file_noop
lt_cv_to_tool_file_cmd=func_convert_file_noop
pkg_cv_EDS_CFLAGS='-pthread -I/usr/include/evolution-data-server -I/usr/include/nss3 -I/usr/include/nspr4 -I/usr/include/glib-2.0 -I/usr/lib/glib-2.0/include -I/usr/include/libsecret-1 -I/usr/include/libxml2 -I/usr/include/libsoup-2.4  '
pkg_cv_EDS_LIBS='-Wl,--export-dynamic -pthread -lebook-1.2 -ledata-book-1.2 -lebackend-1.2 -lebook-contacts-1.2 -ledataserver-1.2 -lgmodule-2.0 -lcamel-1.2 -lsecret-1 -lxml2 -lsoup-2.4 -lsqlite3 -lssl3 -lsmime3 -lnss3 -lnssutil3 -lplds4 -lplc4 -lnspr4 -lpthread -ldl -lgio-2.0 -lgobject-2.0 -lglib-2.0  '
pkg_cv_GLIB2_CFLAGS='-I/usr/include/glib-2.0 -I/usr/lib/glib-2.0/include  '
pkg_cv_GLIB2_LIBS='-lglib-2.0  '
pkg_cv_LIBIMOBILEDEVICE_CFLAGS='-I/usr/include/libxml2 -I/usr/include/p11-kit-1  '
pkg_cv_LIBIMOBILEDEVICE_LIBS='-limobiledevice -lplist -lusbmuxd -lgnutls -ltasn1  '
pkg_cv_LIBPLIST_CFLAGS='-I/usr/include/libxml2  '
pkg_cv_LIBPLIST_LIBS='-lplist  '

## ----------------- ##
## Output variables. ##
## ----------------- ##

ACLOCAL='${SHELL} /home/tim/Develop/eds-to-idevice/missing aclocal-1.13'
AMDEPBACKSLASH='\'
AMDEP_FALSE='#'
AMDEP_TRUE=''
AMTAR='$${TAR-tar}'
AM_BACKSLASH='\'
AM_DEFAULT_V='$(AM_DEFAULT_VERBOSITY)'
AM_DEFAULT_VERBOSITY='0'
AM_V='$(V)'
AR='ar'
AUTOCONF='${SHELL} /home/tim/Develop/eds-to-idevice/missing autoconf'
AUTOHEADER='${SHELL} /home/tim/Develop/eds-to-idevice/missing autoheader'
AUTOMAKE='${SHELL} /home/tim/Develop/eds-to-idevice/missing automake-1.13'
AWK='gawk'
CC='gcc'
CCDEPMODE='depmode=gcc3'
CFLAGS='-g -O2'
CPP='gcc -E'
CPPFLAGS=''
CYGPATH_W='echo'
DEFS='-DHAVE_CONFIG_H'
DEPDIR='.deps'
DLLTOOL='false'
DSYMUTIL=''
DUMPBIN=''
ECHO_C=''
ECHO_N='-n'
ECHO_T=''
EDS_CFLAGS='-pthread -I/usr/include/evolution-data-server -I/usr/include/nss3 -I/usr/include/nspr4 -I/usr/include/glib-2.0 -I/usr/lib/glib-2.0/include -I/usr/include/libsecret-1 -I/usr/include/libxml2 -I/usr/include/libsoup-2.4  '
EDS_LIBS='-Wl,--export-dynamic -pthread -lebook-1.2 -ledata-book-1.2 -lebackend-1.2 -lebook-contacts-1.2 -ledataserver-1.2 -lgmodule-2.0 -lcamel-1.2 -lsecret-1 -lxml2 -lsoup-2.4 -lsqlite3 -lssl3 -lsmime3 -lnss3 -lnssutil3 -lplds4 -lplc4 -lnspr4 -lpthread -ldl -lgio-2.0 -lgobject-2.0 -lglib-2.0  '
EGREP='/usr/bin/grep -E'
ETI_CFLAGS_NOWARN=''
EXEEXT=''
FGREP='/usr/bin/grep -F'
GLIB2_CFLAGS='-I/usr/include/glib-2.0 -I/usr/lib/glib-2.0/include  '
GLIB2_LIBS='-lglib-2.0  '
GREP='/usr/bin/grep'
INSTALL_DATA='${INSTALL} -m 644'
INSTALL_PROGRAM='${INSTALL}'
INSTALL_SCRIPT='${INSTALL}'
INSTALL_STRIP_PROGRAM='$(install_sh) -c -s'
LD='/usr/bin/ld'
LDFLAGS=''
LIBIMOBILEDEVICE_CFLAGS='-I/usr/include/libxml2 -I/usr/include/p11-kit-1  '
LIBIMOBILEDEVICE_LIBS='-limobiledevice -lplist -lusbmuxd -lgnutls -ltasn1  '
LIBOBJS=''
LIBPLIST_CFLAGS='-I/usr/include/libxml2  '
LIBPLIST_LIBS='-lplist  '
LIBS=''
LIBTOOL='$(SHELL) $(top_builddir)/libtool'
LIPO=''
LN_S='ln -s'
LTLIBOBJS=''
MAKEINFO='${SHELL} /home/tim/Develop/eds-to-idevice/missing makeinfo'
MANIFEST_TOOL=':'
MKDIR_P='/usr/bin/mkdir -p'
NM='/usr/bin/nm -B'
NMEDIT=''
OBJDUMP='objdump'
OBJEXT='o'
OTOOL64=''
OTOOL=''
PACKAGE='eds-to-idevice'
PACKAGE_BUGREPORT=''
PACKAGE_NAME='eds-to-idevice'
PACKAGE_STRING='eds-to-idevice 0.1.0, nospam@nowhere.com'
PACKAGE_TARNAME='eds-to-idevice'
PACKAGE_URL=''
PACKAGE_VERSION='0.1.0, nospam@nowhere.com'
PATH_SEPARATOR=':'
PKG_CONFIG='/usr/bin/pkg-config'
PKG_CONFIG_LIBDIR=''
PKG_CONFIG_PATH=''
RANLIB='ranlib'
SED='/usr/bin/sed'
SET_MAKE=''
SHELL='/bin/sh'
STRIP='strip'
VERSION='0.1.0, nospam@nowhere.com'
WARN_CFLAGS=''
WNOERROR_CFLAGS=''
ac_ct_AR='ar'
ac_ct_CC='gcc'
ac_ct_DUMPBIN=''
am__EXEEXT_FALSE=''
am__EXEEXT_TRUE='#'
am__fastdepCC_FALSE='#'
am__fastdepCC_TRUE=''
am__include='include'
am__isrc=''
am__leading_dot='.'
am__nodep='_no'
am__quote=''
am__tar='$${TAR-tar} chof - "$$tardir"'
am__untar='$${TAR-tar} xf -'
bindir='${exec_prefix}/bin'
build='i686-pc-linux-gnu'
build_alias=''
build_cpu='i686'
build_os='linux-gnu'
build_vendor='pc'
datadir='${datarootdir}'
datarootdir='${prefix}/share'
docdir='${datarootdir}/doc/${PACKAGE_TARNAME}'
dvidir='${docdir}'
exec_prefix='${prefix}'
host='i686-pc-linux-gnu'
host_alias=''
host_cpu='i686'
host_os='linux-gnu'
host_vendor='pc'
htmldir='${docdir}'
includedir='${prefix}/include'
infodir='${datarootdir}/info'
install_sh='${SHELL} /home/tim/Develop/eds-to-idevice/install-sh'
libdir='${exec_prefix}/lib'
libexecdir='${exec_prefix}/libexec'
localedir='${datarootdir}/locale'
localstatedir='${prefix}/var'
mandir='${datarootdir}/man'
mkdir_p='$(MKDIR_P)'
oldincludedir='/usr/include'
pdfdir='${docdir}'
prefix='/usr/local'
program_transform_name='s,x,x,'
psdir='${docdir}'
sbindir='${exec_prefix}/sbin'
sharedstatedir='${prefix}/com'
sysconfdir='${prefix}/etc'
target_alias=''

## ----------- ##
## confdefs.h. ##
## ----------- ##

/* confdefs.h */
#define PACKAGE_NAME "eds-to-idevice"
#define PACKAGE_TARNAME "eds-to-idevice"
#define PACKAGE_VERSION "0.1.0, nospam@nowhere.com"
#define PACKAGE_STRING "eds-to-idevice 0.1.0, nospam@nowhere.com"
#define PACKAGE_BUGREPORT ""
#define PACKAGE_URL ""
#define PACKAGE "eds-to-idevice"
#define VERSION "0.1.0, nospam@nowhere.com"
#define STDC_HEADERS 1
#define HAVE_SYS_TYPES_H 1
#define HAVE_SYS_STAT_H 1
#define HAVE_STDLIB_H 1
#define HAVE_STRING_H 1
#define HAVE_MEMORY_H 1
#define HAVE_STRINGS_H 1
#define HAVE_INTTYPES_H 1
#define HAVE_STDINT_H 1
#define HAVE_UNISTD_H 1
#define HAVE_DLFCN_H 1
#define LT_OBJDIR ".libs/"

configure: exit 0

## ---------------------- ##
## Running config.status. ##
## ---------------------- ##

This file was extended by eds-to-idevice config.status 0.1.0, nospam@nowhere.com, which was
generated by GNU Autoconf 2.69.  Invocation command line was

  CONFIG_FILES    = 
  CONFIG_HEADERS  = 
  CONFIG_LINKS    = 
  CONFIG_COMMANDS = 
  $ ./config.status config.h

on localhost.localdomain

config.status:1096: creating config.h
config.status:1277: config.h is unchanged
